<?xml version="1.0" encoding="UTF-8"?>
<!-- Generated by org.testng.reporters.JUnitXMLReporter -->
<testsuite ignored="0" hostname="Mac" failures="0" tests="3" name="Test" time="58.28" errors="0" timestamp="2025-09-24T09:55:41 GST">
  <testcase classname="com.ahmadclass.AmazonHomePage" name="getPageTitle" time="22.677"/>
  <testcase classname="com.ahmadclass.AmazonHomePage" name="testAmazonSearch" time="35.554"/>
  <testcase classname="com.ahmadclass.LovsChecking" name="CheckThelist" time="0.002"/>
</testsuite> <!-- Test -->
