<?xml version="1.0" encoding="UTF-8"?>
<testng-results ignored="0" total="3" passed="3" failed="0" skipped="0">
  <reporter-output>
  </reporter-output>
  <suite started-at="2025-09-24T09:57:53 GST" name="Suite" finished-at="2025-09-24T09:58:49 GST" duration-ms="55161">
    <groups>
    </groups>
    <test started-at="2025-09-24T09:57:53 GST" name="ChecktheSearchFunctionality" finished-at="2025-09-24T09:58:48 GST" duration-ms="55075">
      <class name="com.ahmadclass.AmazonHomePage">
        <test-method signature="getPageTitle()[pri:0, instance:com.ahmadclass.AmazonHomePage@41a0aa7d]" started-at="2025-09-24T09:57:53 GST" name="getPageTitle" finished-at="2025-09-24T09:58:13 GST" duration-ms="19318" status="PASS">
          <reporter-output>
          </reporter-output>
        </test-method> <!-- getPageTitle -->
        <test-method signature="testAmazonSearch()[pri:0, instance:com.ahmadclass.AmazonHomePage@41a0aa7d]" started-at="2025-09-24T09:58:13 GST" name="testAmazonSearch" finished-at="2025-09-24T09:58:48 GST" duration-ms="35711" status="PASS">
          <reporter-output>
          </reporter-output>
        </test-method> <!-- testAmazonSearch -->
      </class> <!-- com.ahmadclass.AmazonHomePage -->
    </test> <!-- ChecktheSearchFunctionality -->
    <test started-at="2025-09-24T09:58:48 GST" name="CheckingTheLovFunc" finished-at="2025-09-24T09:58:49 GST" duration-ms="8">
      <class name="com.ahmadclass.LovsChecking">
        <test-method signature="CheckThelist()[pri:0, instance:com.ahmadclass.LovsChecking@33bc72d1]" started-at="2025-09-24T09:58:49 GST" name="CheckThelist" finished-at="2025-09-24T09:58:49 GST" duration-ms="2" status="PASS">
          <reporter-output>
          </reporter-output>
        </test-method> <!-- CheckThelist -->
      </class> <!-- com.ahmadclass.LovsChecking -->
    </test> <!-- CheckingTheLovFunc -->
  </suite> <!-- Suite -->
</testng-results>
